<?xml version="1.0" encoding="UTF-8"?>
<!-- Generated by org.testng.reporters.JUnitReportReporter -->
<testsuite hostname="DESKTOP-SODFEFU" name="inline.execution_part.Execution_For_All_Functions" tests="3" failures="0" timestamp="11 Sep 2019 12:08:44 GMT" time="114.045" errors="0">
  <testcase name="webpage_click" time="29.997" classname="inline.execution_part.Execution_For_All_Functions"/>
  <testcase name="sign_In" time="51.593" classname="inline.execution_part.Execution_For_All_Functions"/>
  <testcase name="insertVideo" time="32.455" classname="inline.execution_part.Execution_For_All_Functions"/>
</testsuite> <!-- inline.execution_part.Execution_For_All_Functions -->
